nohup: ignoring input
Preprocessing Done
Reshaping Done
_________________________________________________________________
Layer (type)                 Output Shape              Param #   
=================================================================
lstm_1 (LSTM)                (None, 64, 64)            16896     
_________________________________________________________________
lstm_2 (LSTM)                (None, 512)               1181696   
_________________________________________________________________
dense_1 (Dense)              (None, 1)                 513       
_________________________________________________________________
activation_1 (Activation)    (None, 1)                 0         
=================================================================
Total params: 1,199,105
Trainable params: 1,199,105
Non-trainable params: 0
_________________________________________________________________
Train on 57 samples, validate on 7 samples
Epoch 1/500

57/57 [==============================] - 2s 36ms/step - loss: 0.1015 - val_loss: 0.0386
Epoch 2/500

57/57 [==============================] - 0s 6ms/step - loss: 0.0769 - val_loss: 0.0414
Epoch 3/500

57/57 [==============================] - 0s 6ms/step - loss: 0.0656 - val_loss: 0.0526
Epoch 4/500

57/57 [==============================] - 0s 6ms/step - loss: 0.0656 - val_loss: 0.0335
Epoch 5/500

57/57 [==============================] - 0s 6ms/step - loss: 0.0578 - val_loss: 0.0290
Epoch 6/500

57/57 [==============================] - 0s 6ms/step - loss: 0.0588 - val_loss: 0.0279
Epoch 7/500

57/57 [==============================] - 0s 6ms/step - loss: 0.0586 - val_loss: 0.0276
Epoch 8/500

57/57 [==============================] - 0s 6ms/step - loss: 0.0559 - val_loss: 0.0311
Epoch 9/500

57/57 [==============================] - 0s 6ms/step - loss: 0.0533 - val_loss: 0.0437
Epoch 10/500

57/57 [==============================] - 0s 6ms/step - loss: 0.0558 - val_loss: 0.0413
Epoch 11/500

57/57 [==============================] - 0s 6ms/step - loss: 0.0552 - val_loss: 0.0311
Epoch 12/500

57/57 [==============================] - 0s 5ms/step - loss: 0.0529 - val_loss: 0.0270
Epoch 13/500

57/57 [==============================] - 0s 6ms/step - loss: 0.0531 - val_loss: 0.0259
Epoch 14/500

57/57 [==============================] - 0s 6ms/step - loss: 0.0527 - val_loss: 0.0259
Epoch 15/500

57/57 [==============================] - 0s 6ms/step - loss: 0.0510 - val_loss: 0.0278
Epoch 16/500

57/57 [==============================] - 0s 6ms/step - loss: 0.0489 - val_loss: 0.0331
Epoch 17/500

57/57 [==============================] - 0s 6ms/step - loss: 0.0483 - val_loss: 0.0378
Epoch 18/500

57/57 [==============================] - 0s 6ms/step - loss: 0.0489 - val_loss: 0.0331
Epoch 19/500

57/57 [==============================] - 0s 6ms/step - loss: 0.0471 - val_loss: 0.0275
Epoch 20/500

57/57 [==============================] - 0s 6ms/step - loss: 0.0461 - val_loss: 0.0251
Epoch 21/500

57/57 [==============================] - 0s 6ms/step - loss: 0.0459 - val_loss: 0.0245
Epoch 22/500

57/57 [==============================] - 0s 5ms/step - loss: 0.0448 - val_loss: 0.0260
Epoch 23/500

57/57 [==============================] - 0s 6ms/step - loss: 0.0429 - val_loss: 0.0306
Epoch 24/500

57/57 [==============================] - 0s 6ms/step - loss: 0.0427 - val_loss: 0.0291
Epoch 25/500

57/57 [==============================] - 0s 6ms/step - loss: 0.0418 - val_loss: 0.0233
Epoch 26/500

57/57 [==============================] - 0s 6ms/step - loss: 0.0405 - val_loss: 0.0211
Epoch 27/500

57/57 [==============================] - 0s 6ms/step - loss: 0.0402 - val_loss: 0.0212
Epoch 28/500

57/57 [==============================] - 0s 6ms/step - loss: 0.0387 - val_loss: 0.0240
Epoch 29/500

57/57 [==============================] - 0s 6ms/step - loss: 0.0370 - val_loss: 0.0264
Epoch 30/500

57/57 [==============================] - 0s 6ms/step - loss: 0.0361 - val_loss: 0.0221
Epoch 31/500

57/57 [==============================] - 0s 5ms/step - loss: 0.0338 - val_loss: 0.0192
Epoch 32/500

57/57 [==============================] - 0s 6ms/step - loss: 0.0323 - val_loss: 0.0182
Epoch 33/500

57/57 [==============================] - 0s 6ms/step - loss: 0.0298 - val_loss: 0.0181
Epoch 34/500

57/57 [==============================] - 0s 6ms/step - loss: 0.0264 - val_loss: 0.0168
Epoch 35/500

57/57 [==============================] - 0s 6ms/step - loss: 0.0227 - val_loss: 0.0123
Epoch 36/500

57/57 [==============================] - 0s 6ms/step - loss: 0.0178 - val_loss: 0.0144
Epoch 37/500

57/57 [==============================] - 0s 6ms/step - loss: 0.0173 - val_loss: 0.0280
Epoch 38/500

57/57 [==============================] - 0s 6ms/step - loss: 0.0267 - val_loss: 0.0210
Epoch 39/500

57/57 [==============================] - 0s 6ms/step - loss: 0.0197 - val_loss: 0.0180
Epoch 40/500

57/57 [==============================] - 0s 6ms/step - loss: 0.0185 - val_loss: 0.0142
Epoch 41/500

57/57 [==============================] - 0s 6ms/step - loss: 0.0186 - val_loss: 0.0152
Epoch 42/500

57/57 [==============================] - 0s 6ms/step - loss: 0.0222 - val_loss: 0.0150
Epoch 43/500

57/57 [==============================] - 0s 6ms/step - loss: 0.0226 - val_loss: 0.0161
Epoch 44/500

57/57 [==============================] - 0s 6ms/step - loss: 0.0213 - val_loss: 0.0215
Epoch 45/500

57/57 [==============================] - 0s 6ms/step - loss: 0.0234 - val_loss: 0.0168
Epoch 46/500

57/57 [==============================] - 0s 6ms/step - loss: 0.0215 - val_loss: 0.0131
Epoch 47/500

57/57 [==============================] - 0s 6ms/step - loss: 0.0211 - val_loss: 0.0127
Epoch 48/500

57/57 [==============================] - 0s 6ms/step - loss: 0.0215 - val_loss: 0.0121
Epoch 49/500

57/57 [==============================] - 0s 6ms/step - loss: 0.0200 - val_loss: 0.0128
Epoch 50/500

57/57 [==============================] - 0s 6ms/step - loss: 0.0186 - val_loss: 0.0149
Epoch 51/500

57/57 [==============================] - 0s 5ms/step - loss: 0.0184 - val_loss: 0.0145
Epoch 52/500

57/57 [==============================] - 0s 6ms/step - loss: 0.0173 - val_loss: 0.0140
Epoch 53/500

57/57 [==============================] - 0s 6ms/step - loss: 0.0164 - val_loss: 0.0157
Epoch 54/500

57/57 [==============================] - 0s 6ms/step - loss: 0.0168 - val_loss: 0.0182
Epoch 55/500

57/57 [==============================] - 0s 6ms/step - loss: 0.0174 - val_loss: 0.0197
Epoch 56/500

57/57 [==============================] - 0s 6ms/step - loss: 0.0175 - val_loss: 0.0199
Epoch 57/500

57/57 [==============================] - 0s 6ms/step - loss: 0.0170 - val_loss: 0.0194
Epoch 58/500

57/57 [==============================] - 0s 6ms/step - loss: 0.0164 - val_loss: 0.0186
Epoch 59/500

57/57 [==============================] - 0s 6ms/step - loss: 0.0159 - val_loss: 0.0171
Epoch 60/500

57/57 [==============================] - 0s 6ms/step - loss: 0.0155 - val_loss: 0.0155
Epoch 61/500

57/57 [==============================] - 0s 6ms/step - loss: 0.0152 - val_loss: 0.0142
Epoch 62/500

57/57 [==============================] - 0s 5ms/step - loss: 0.0153 - val_loss: 0.0133
Epoch 63/500

57/57 [==============================] - 0s 6ms/step - loss: 0.0153 - val_loss: 0.0127
Epoch 64/500

57/57 [==============================] - 0s 6ms/step - loss: 0.0151 - val_loss: 0.0124
Epoch 65/500

57/57 [==============================] - 0s 6ms/step - loss: 0.0147 - val_loss: 0.0126
Epoch 66/500

57/57 [==============================] - 0s 6ms/step - loss: 0.0144 - val_loss: 0.0130
Epoch 67/500

57/57 [==============================] - 0s 6ms/step - loss: 0.0142 - val_loss: 0.0135
Epoch 68/500

57/57 [==============================] - 0s 6ms/step - loss: 0.0139 - val_loss: 0.0141
Epoch 69/500

57/57 [==============================] - 0s 6ms/step - loss: 0.0137 - val_loss: 0.0148
Epoch 70/500

57/57 [==============================] - 0s 6ms/step - loss: 0.0135 - val_loss: 0.0155
Epoch 71/500

57/57 [==============================] - 0s 6ms/step - loss: 0.0134 - val_loss: 0.0160
Epoch 72/500

57/57 [==============================] - 0s 6ms/step - loss: 0.0131 - val_loss: 0.0162
Epoch 73/500

57/57 [==============================] - 0s 6ms/step - loss: 0.0127 - val_loss: 0.0159
Epoch 74/500

57/57 [==============================] - 0s 6ms/step - loss: 0.0124 - val_loss: 0.0151
Epoch 75/500

57/57 [==============================] - 0s 6ms/step - loss: 0.0122 - val_loss: 0.0143
Epoch 76/500

57/57 [==============================] - 0s 6ms/step - loss: 0.0119 - val_loss: 0.0138
Epoch 77/500

57/57 [==============================] - 0s 6ms/step - loss: 0.0117 - val_loss: 0.0140
Epoch 78/500

57/57 [==============================] - 0s 6ms/step - loss: 0.0115 - val_loss: 0.0145
Epoch 79/500

57/57 [==============================] - 0s 6ms/step - loss: 0.0114 - val_loss: 0.0153
Epoch 80/500

57/57 [==============================] - 0s 6ms/step - loss: 0.0111 - val_loss: 0.0159
Epoch 81/500

57/57 [==============================] - 0s 6ms/step - loss: 0.0110 - val_loss: 0.0159
Epoch 82/500

57/57 [==============================] - 0s 5ms/step - loss: 0.0107 - val_loss: 0.0168
Epoch 83/500

57/57 [==============================] - 0s 6ms/step - loss: 0.0106 - val_loss: 0.0175
Epoch 84/500

57/57 [==============================] - 0s 6ms/step - loss: 0.0105 - val_loss: 0.0179
Epoch 85/500

57/57 [==============================] - 0s 6ms/step - loss: 0.0103 - val_loss: 0.0186
Epoch 86/500

57/57 [==============================] - 0s 6ms/step - loss: 0.0101 - val_loss: 0.0197
Epoch 87/500

57/57 [==============================] - 0s 6ms/step - loss: 0.0099 - val_loss: 0.0199
Epoch 88/500

57/57 [==============================] - 0s 6ms/step - loss: 0.0099 - val_loss: 0.0198
Epoch 89/500

57/57 [==============================] - 0s 6ms/step - loss: 0.0104 - val_loss: 0.0159
Epoch 90/500

57/57 [==============================] - 0s 5ms/step - loss: 0.0130 - val_loss: 0.0222
Epoch 91/500

57/57 [==============================] - 0s 6ms/step - loss: 0.0179 - val_loss: 0.0194
Epoch 92/500

57/57 [==============================] - 0s 6ms/step - loss: 0.0194 - val_loss: 0.0151
Epoch 93/500

57/57 [==============================] - 0s 6ms/step - loss: 0.0155 - val_loss: 0.0149
Epoch 94/500

57/57 [==============================] - 0s 5ms/step - loss: 0.0122 - val_loss: 0.0191
Epoch 95/500

57/57 [==============================] - 0s 6ms/step - loss: 0.0167 - val_loss: 0.0164
Epoch 96/500

57/57 [==============================] - 0s 6ms/step - loss: 0.0099 - val_loss: 0.0151
Epoch 97/500

57/57 [==============================] - 0s 6ms/step - loss: 0.0111 - val_loss: 0.0167
Epoch 98/500

57/57 [==============================] - 0s 6ms/step - loss: 0.0119 - val_loss: 0.0198
Epoch 99/500

57/57 [==============================] - 0s 5ms/step - loss: 0.0109 - val_loss: 0.0215
Epoch 100/500

57/57 [==============================] - 0s 5ms/step - loss: 0.0101 - val_loss: 0.0220
Epoch 101/500

57/57 [==============================] - 0s 6ms/step - loss: 0.0106 - val_loss: 0.0221
Epoch 102/500

57/57 [==============================] - 0s 6ms/step - loss: 0.0109 - val_loss: 0.0210
Epoch 103/500

57/57 [==============================] - 0s 5ms/step - loss: 0.0099 - val_loss: 0.0188
Epoch 104/500

57/57 [==============================] - 0s 6ms/step - loss: 0.0096 - val_loss: 0.0171
Epoch 105/500

57/57 [==============================] - 0s 6ms/step - loss: 0.0102 - val_loss: 0.0171
Epoch 106/500

57/57 [==============================] - 0s 6ms/step - loss: 0.0097 - val_loss: 0.0187
Epoch 107/500

57/57 [==============================] - 0s 6ms/step - loss: 0.0087 - val_loss: 0.0210
Epoch 108/500

57/57 [==============================] - 0s 5ms/step - loss: 0.0086 - val_loss: 0.0223
Epoch 109/500

57/57 [==============================] - 0s 6ms/step - loss: 0.0089 - val_loss: 0.0219
Epoch 110/500

57/57 [==============================] - 0s 6ms/step - loss: 0.0084 - val_loss: 0.0202
Epoch 111/500

57/57 [==============================] - 0s 6ms/step - loss: 0.0073 - val_loss: 0.0182
Epoch 112/500

57/57 [==============================] - 0s 6ms/step - loss: 0.0073 - val_loss: 0.0170
Epoch 113/500

57/57 [==============================] - 0s 6ms/step - loss: 0.0072 - val_loss: 0.0167
Epoch 114/500

57/57 [==============================] - 0s 6ms/step - loss: 0.0064 - val_loss: 0.0170
Epoch 115/500

57/57 [==============================] - 0s 6ms/step - loss: 0.0059 - val_loss: 0.0172
Epoch 116/500

57/57 [==============================] - 0s 6ms/step - loss: 0.0056 - val_loss: 0.0162
Epoch 117/500

57/57 [==============================] - 0s 5ms/step - loss: 0.0049 - val_loss: 0.0140
Epoch 118/500

57/57 [==============================] - 0s 6ms/step - loss: 0.0046 - val_loss: 0.0124
Epoch 119/500

57/57 [==============================] - 0s 6ms/step - loss: 0.0043 - val_loss: 0.0116
Epoch 120/500

57/57 [==============================] - 0s 6ms/step - loss: 0.0037 - val_loss: 0.0114
Epoch 121/500

57/57 [==============================] - 0s 6ms/step - loss: 0.0038 - val_loss: 0.0098
Epoch 122/500

57/57 [==============================] - 0s 6ms/step - loss: 0.0032 - val_loss: 0.0091
Epoch 123/500

57/57 [==============================] - 0s 6ms/step - loss: 0.0037 - val_loss: 0.0093
Epoch 124/500

57/57 [==============================] - 0s 6ms/step - loss: 0.0034 - val_loss: 0.0092
Epoch 125/500

57/57 [==============================] - 0s 6ms/step - loss: 0.0041 - val_loss: 0.0098
Epoch 126/500

57/57 [==============================] - 0s 6ms/step - loss: 0.0052 - val_loss: 0.0083
Epoch 127/500

57/57 [==============================] - 0s 6ms/step - loss: 0.0045 - val_loss: 0.0097
Epoch 128/500

57/57 [==============================] - 0s 6ms/step - loss: 0.0043 - val_loss: 0.0130
Epoch 129/500

57/57 [==============================] - 0s 6ms/step - loss: 0.0069 - val_loss: 0.0098
Epoch 130/500

57/57 [==============================] - 0s 6ms/step - loss: 0.0045 - val_loss: 0.0109
Epoch 131/500

57/57 [==============================] - 0s 6ms/step - loss: 0.0058 - val_loss: 0.0129
Epoch 132/500

57/57 [==============================] - 0s 6ms/step - loss: 0.0035 - val_loss: 0.0143
Epoch 133/500

57/57 [==============================] - 0s 6ms/step - loss: 0.0054 - val_loss: 0.0122
Epoch 134/500

57/57 [==============================] - 0s 6ms/step - loss: 0.0036 - val_loss: 0.0114
Epoch 135/500

57/57 [==============================] - 0s 6ms/step - loss: 0.0046 - val_loss: 0.0120
Epoch 136/500

57/57 [==============================] - 0s 6ms/step - loss: 0.0042 - val_loss: 0.0134
Epoch 137/500

57/57 [==============================] - 0s 6ms/step - loss: 0.0037 - val_loss: 0.0136
Epoch 138/500

57/57 [==============================] - 0s 6ms/step - loss: 0.0044 - val_loss: 0.0119
Epoch 139/500

57/57 [==============================] - 0s 6ms/step - loss: 0.0036 - val_loss: 0.0106
Epoch 140/500

57/57 [==============================] - 0s 6ms/step - loss: 0.0038 - val_loss: 0.0105
Epoch 141/500

57/57 [==============================] - 0s 6ms/step - loss: 0.0038 - val_loss: 0.0112
Epoch 142/500

57/57 [==============================] - 0s 6ms/step - loss: 0.0033 - val_loss: 0.0117
Epoch 143/500

57/57 [==============================] - 0s 6ms/step - loss: 0.0037 - val_loss: 0.0108
Epoch 144/500

57/57 [==============================] - 0s 6ms/step - loss: 0.0033 - val_loss: 0.0096
Epoch 145/500

57/57 [==============================] - 0s 6ms/step - loss: 0.0033 - val_loss: 0.0093
Epoch 146/500

57/57 [==============================] - 0s 6ms/step - loss: 0.0033 - val_loss: 0.0101
Epoch 147/500

57/57 [==============================] - 0s 6ms/step - loss: 0.0031 - val_loss: 0.0108
Epoch 148/500

57/57 [==============================] - 0s 6ms/step - loss: 0.0031 - val_loss: 0.0103
Epoch 149/500

57/57 [==============================] - 0s 6ms/step - loss: 0.0030 - val_loss: 0.0094
Epoch 150/500

57/57 [==============================] - 0s 6ms/step - loss: 0.0029 - val_loss: 0.0093
Epoch 151/500

57/57 [==============================] - 0s 6ms/step - loss: 0.0029 - val_loss: 0.0101
Epoch 152/500

57/57 [==============================] - 0s 6ms/step - loss: 0.0029 - val_loss: 0.0104
Epoch 153/500

57/57 [==============================] - 0s 6ms/step - loss: 0.0027 - val_loss: 0.0100
Epoch 154/500

57/57 [==============================] - 0s 6ms/step - loss: 0.0028 - val_loss: 0.0095
Epoch 155/500

57/57 [==============================] - 0s 6ms/step - loss: 0.0027 - val_loss: 0.0098
Epoch 156/500

57/57 [==============================] - 0s 6ms/step - loss: 0.0028 - val_loss: 0.0099
Epoch 157/500

57/57 [==============================] - 0s 5ms/step - loss: 0.0026 - val_loss: 0.0098
Epoch 158/500

57/57 [==============================] - 0s 5ms/step - loss: 0.0027 - val_loss: 0.0096
Epoch 159/500

57/57 [==============================] - 0s 6ms/step - loss: 0.0027 - val_loss: 0.0095
Epoch 160/500

57/57 [==============================] - 0s 6ms/step - loss: 0.0026 - val_loss: 0.0094
Epoch 161/500

57/57 [==============================] - 0s 6ms/step - loss: 0.0027 - val_loss: 0.0091
Epoch 162/500

57/57 [==============================] - 0s 6ms/step - loss: 0.0026 - val_loss: 0.0093
Epoch 163/500

57/57 [==============================] - 0s 6ms/step - loss: 0.0026 - val_loss: 0.0095
Epoch 164/500

57/57 [==============================] - 0s 6ms/step - loss: 0.0025 - val_loss: 0.0093
Epoch 165/500

57/57 [==============================] - 0s 6ms/step - loss: 0.0025 - val_loss: 0.0088
Epoch 166/500

57/57 [==============================] - 0s 6ms/step - loss: 0.0025 - val_loss: 0.0091
Epoch 167/500

57/57 [==============================] - 0s 6ms/step - loss: 0.0025 - val_loss: 0.0098
Epoch 168/500

57/57 [==============================] - 0s 6ms/step - loss: 0.0025 - val_loss: 0.0096
Epoch 169/500

57/57 [==============================] - 0s 6ms/step - loss: 0.0024 - val_loss: 0.0090
Epoch 170/500

57/57 [==============================] - 0s 6ms/step - loss: 0.0025 - val_loss: 0.0093
Epoch 171/500

57/57 [==============================] - 0s 6ms/step - loss: 0.0024 - val_loss: 0.0101
Epoch 172/500

57/57 [==============================] - 0s 6ms/step - loss: 0.0024 - val_loss: 0.0101
Epoch 173/500

57/57 [==============================] - 0s 6ms/step - loss: 0.0024 - val_loss: 0.0096
Epoch 174/500

57/57 [==============================] - 0s 6ms/step - loss: 0.0024 - val_loss: 0.0097
Epoch 175/500

57/57 [==============================] - 0s 6ms/step - loss: 0.0024 - val_loss: 0.0102
Epoch 176/500

57/57 [==============================] - 0s 6ms/step - loss: 0.0024 - val_loss: 0.0101
Epoch 177/500

57/57 [==============================] - 0s 6ms/step - loss: 0.0024 - val_loss: 0.0098
Epoch 178/500

57/57 [==============================] - 0s 6ms/step - loss: 0.0024 - val_loss: 0.0099
Epoch 179/500

57/57 [==============================] - 0s 6ms/step - loss: 0.0024 - val_loss: 0.0100
Epoch 180/500

57/57 [==============================] - 0s 6ms/step - loss: 0.0024 - val_loss: 0.0098
Epoch 181/500

57/57 [==============================] - 0s 6ms/step - loss: 0.0023 - val_loss: 0.0099
Epoch 182/500

57/57 [==============================] - 0s 6ms/step - loss: 0.0023 - val_loss: 0.0099
Epoch 183/500

57/57 [==============================] - 0s 6ms/step - loss: 0.0023 - val_loss: 0.0096
Epoch 184/500

57/57 [==============================] - 0s 6ms/step - loss: 0.0023 - val_loss: 0.0096
Epoch 185/500

57/57 [==============================] - 0s 6ms/step - loss: 0.0023 - val_loss: 0.0099
Epoch 186/500

57/57 [==============================] - 0s 6ms/step - loss: 0.0023 - val_loss: 0.0098
Epoch 187/500

57/57 [==============================] - 0s 6ms/step - loss: 0.0023 - val_loss: 0.0095
Epoch 188/500

57/57 [==============================] - 0s 6ms/step - loss: 0.0023 - val_loss: 0.0096
Epoch 189/500

57/57 [==============================] - 0s 6ms/step - loss: 0.0023 - val_loss: 0.0099
Epoch 190/500

57/57 [==============================] - 0s 6ms/step - loss: 0.0023 - val_loss: 0.0097
Epoch 191/500

57/57 [==============================] - 0s 6ms/step - loss: 0.0023 - val_loss: 0.0096
Epoch 192/500

57/57 [==============================] - 0s 6ms/step - loss: 0.0023 - val_loss: 0.0098
Epoch 193/500

57/57 [==============================] - 0s 6ms/step - loss: 0.0023 - val_loss: 0.0098
Epoch 194/500

57/57 [==============================] - 0s 6ms/step - loss: 0.0023 - val_loss: 0.0098
Epoch 195/500

57/57 [==============================] - 0s 6ms/step - loss: 0.0023 - val_loss: 0.0098
Epoch 196/500

57/57 [==============================] - 0s 6ms/step - loss: 0.0023 - val_loss: 0.0098
Epoch 197/500

57/57 [==============================] - 0s 6ms/step - loss: 0.0023 - val_loss: 0.0098
Epoch 198/500

57/57 [==============================] - 0s 6ms/step - loss: 0.0023 - val_loss: 0.0099
Epoch 199/500

57/57 [==============================] - 0s 5ms/step - loss: 0.0022 - val_loss: 0.0098
Epoch 200/500

57/57 [==============================] - 0s 6ms/step - loss: 0.0022 - val_loss: 0.0096
Epoch 201/500

57/57 [==============================] - 0s 6ms/step - loss: 0.0022 - val_loss: 0.0098
Epoch 202/500

57/57 [==============================] - 0s 6ms/step - loss: 0.0022 - val_loss: 0.0098
Epoch 203/500

57/57 [==============================] - 0s 6ms/step - loss: 0.0022 - val_loss: 0.0096
Epoch 204/500

57/57 [==============================] - 0s 6ms/step - loss: 0.0022 - val_loss: 0.0097
Epoch 205/500

57/57 [==============================] - 0s 6ms/step - loss: 0.0022 - val_loss: 0.0097
Epoch 206/500

57/57 [==============================] - 0s 6ms/step - loss: 0.0022 - val_loss: 0.0096
Epoch 207/500

57/57 [==============================] - 0s 6ms/step - loss: 0.0022 - val_loss: 0.0097
Epoch 208/500

57/57 [==============================] - 0s 6ms/step - loss: 0.0022 - val_loss: 0.0096
Epoch 209/500

57/57 [==============================] - 0s 6ms/step - loss: 0.0022 - val_loss: 0.0096
Epoch 210/500

57/57 [==============================] - 0s 6ms/step - loss: 0.0022 - val_loss: 0.0097
Epoch 211/500

57/57 [==============================] - 0s 6ms/step - loss: 0.0022 - val_loss: 0.0096
Epoch 212/500

57/57 [==============================] - 0s 6ms/step - loss: 0.0022 - val_loss: 0.0096
Epoch 213/500

57/57 [==============================] - 0s 6ms/step - loss: 0.0022 - val_loss: 0.0097
Epoch 214/500

57/57 [==============================] - 0s 6ms/step - loss: 0.0022 - val_loss: 0.0096
Epoch 215/500

57/57 [==============================] - 0s 6ms/step - loss: 0.0022 - val_loss: 0.0096
Epoch 216/500

57/57 [==============================] - 0s 6ms/step - loss: 0.0022 - val_loss: 0.0096
Epoch 217/500

57/57 [==============================] - 0s 6ms/step - loss: 0.0022 - val_loss: 0.0096
Epoch 218/500

57/57 [==============================] - 0s 6ms/step - loss: 0.0022 - val_loss: 0.0096
Epoch 219/500

57/57 [==============================] - 0s 6ms/step - loss: 0.0022 - val_loss: 0.0096
Epoch 220/500

57/57 [==============================] - 0s 6ms/step - loss: 0.0022 - val_loss: 0.0095
Epoch 221/500

57/57 [==============================] - 0s 6ms/step - loss: 0.0022 - val_loss: 0.0096
Epoch 222/500

57/57 [==============================] - 0s 6ms/step - loss: 0.0022 - val_loss: 0.0095
Epoch 223/500

57/57 [==============================] - 0s 6ms/step - loss: 0.0022 - val_loss: 0.0095
Epoch 224/500

57/57 [==============================] - 0s 6ms/step - loss: 0.0022 - val_loss: 0.0095
Epoch 225/500

57/57 [==============================] - 0s 6ms/step - loss: 0.0022 - val_loss: 0.0095
Epoch 226/500

57/57 [==============================] - 0s 5ms/step - loss: 0.0022 - val_loss: 0.0095
Epoch 227/500

57/57 [==============================] - 0s 6ms/step - loss: 0.0022 - val_loss: 0.0094
Epoch 228/500

57/57 [==============================] - 0s 6ms/step - loss: 0.0021 - val_loss: 0.0094
Epoch 229/500

57/57 [==============================] - 0s 6ms/step - loss: 0.0021 - val_loss: 0.0094
Epoch 230/500

57/57 [==============================] - 0s 6ms/step - loss: 0.0021 - val_loss: 0.0094
Epoch 231/500

57/57 [==============================] - 0s 6ms/step - loss: 0.0021 - val_loss: 0.0094
Epoch 232/500

57/57 [==============================] - 0s 5ms/step - loss: 0.0021 - val_loss: 0.0094
Epoch 233/500

57/57 [==============================] - 0s 6ms/step - loss: 0.0021 - val_loss: 0.0094
Epoch 234/500

57/57 [==============================] - 0s 6ms/step - loss: 0.0021 - val_loss: 0.0093
Epoch 235/500

57/57 [==============================] - 0s 6ms/step - loss: 0.0021 - val_loss: 0.0093
Epoch 236/500

57/57 [==============================] - 0s 6ms/step - loss: 0.0021 - val_loss: 0.0093
Epoch 237/500

57/57 [==============================] - 0s 6ms/step - loss: 0.0021 - val_loss: 0.0093
Epoch 238/500

57/57 [==============================] - 0s 6ms/step - loss: 0.0021 - val_loss: 0.0093
Epoch 239/500

57/57 [==============================] - 0s 6ms/step - loss: 0.0021 - val_loss: 0.0093
Epoch 240/500

57/57 [==============================] - 0s 6ms/step - loss: 0.0021 - val_loss: 0.0092
Epoch 241/500

57/57 [==============================] - 0s 6ms/step - loss: 0.0021 - val_loss: 0.0092
Epoch 242/500

57/57 [==============================] - 0s 6ms/step - loss: 0.0021 - val_loss: 0.0092
Epoch 243/500

57/57 [==============================] - 0s 5ms/step - loss: 0.0021 - val_loss: 0.0092
Epoch 244/500

57/57 [==============================] - 0s 6ms/step - loss: 0.0021 - val_loss: 0.0092
Epoch 245/500

57/57 [==============================] - 0s 6ms/step - loss: 0.0021 - val_loss: 0.0092
Epoch 246/500

57/57 [==============================] - 0s 6ms/step - loss: 0.0021 - val_loss: 0.0092
Epoch 247/500

57/57 [==============================] - 0s 6ms/step - loss: 0.0021 - val_loss: 0.0091
Epoch 248/500

57/57 [==============================] - 0s 6ms/step - loss: 0.0021 - val_loss: 0.0091
Epoch 249/500

57/57 [==============================] - 0s 6ms/step - loss: 0.0021 - val_loss: 0.0091
Epoch 250/500

57/57 [==============================] - 0s 6ms/step - loss: 0.0021 - val_loss: 0.0091
Epoch 251/500

57/57 [==============================] - 0s 6ms/step - loss: 0.0021 - val_loss: 0.0091
Epoch 252/500

57/57 [==============================] - 0s 5ms/step - loss: 0.0021 - val_loss: 0.0091
Epoch 253/500

57/57 [==============================] - 0s 6ms/step - loss: 0.0021 - val_loss: 0.0091
Epoch 254/500

57/57 [==============================] - 0s 5ms/step - loss: 0.0021 - val_loss: 0.0091
Epoch 255/500

57/57 [==============================] - 0s 6ms/step - loss: 0.0021 - val_loss: 0.0090
Epoch 256/500

57/57 [==============================] - 0s 6ms/step - loss: 0.0021 - val_loss: 0.0090
Epoch 257/500

57/57 [==============================] - 0s 6ms/step - loss: 0.0021 - val_loss: 0.0090
Epoch 258/500

57/57 [==============================] - 0s 6ms/step - loss: 0.0021 - val_loss: 0.0090
Epoch 259/500

57/57 [==============================] - 0s 6ms/step - loss: 0.0021 - val_loss: 0.0090
Epoch 260/500

57/57 [==============================] - 0s 6ms/step - loss: 0.0021 - val_loss: 0.0090
Epoch 261/500

57/57 [==============================] - 0s 6ms/step - loss: 0.0021 - val_loss: 0.0089
Epoch 262/500

57/57 [==============================] - 0s 6ms/step - loss: 0.0021 - val_loss: 0.0090
Epoch 263/500

57/57 [==============================] - 0s 6ms/step - loss: 0.0021 - val_loss: 0.0088
Epoch 264/500

57/57 [==============================] - 0s 6ms/step - loss: 0.0021 - val_loss: 0.0091
Epoch 265/500

57/57 [==============================] - 0s 6ms/step - loss: 0.0021 - val_loss: 0.0087
Epoch 266/500

57/57 [==============================] - 0s 6ms/step - loss: 0.0021 - val_loss: 0.0093
Epoch 267/500

57/57 [==============================] - 0s 6ms/step - loss: 0.0021 - val_loss: 0.0083
Epoch 268/500

57/57 [==============================] - 0s 5ms/step - loss: 0.0022 - val_loss: 0.0100
Epoch 269/500

57/57 [==============================] - 0s 6ms/step - loss: 0.0024 - val_loss: 0.0079
Epoch 270/500

57/57 [==============================] - 0s 6ms/step - loss: 0.0030 - val_loss: 0.0111
Epoch 271/500

57/57 [==============================] - 0s 6ms/step - loss: 0.0029 - val_loss: 0.0079
Epoch 272/500

57/57 [==============================] - 0s 6ms/step - loss: 0.0034 - val_loss: 0.0103
Epoch 273/500

57/57 [==============================] - 0s 6ms/step - loss: 0.0023 - val_loss: 0.0095
Epoch 274/500

57/57 [==============================] - 0s 6ms/step - loss: 0.0021 - val_loss: 0.0081
Epoch 275/500

57/57 [==============================] - 0s 6ms/step - loss: 0.0026 - val_loss: 0.0111
Epoch 276/500

57/57 [==============================] - 0s 6ms/step - loss: 0.0027 - val_loss: 0.0081
Epoch 277/500

57/57 [==============================] - 0s 6ms/step - loss: 0.0027 - val_loss: 0.0090
Epoch 278/500

57/57 [==============================] - 0s 6ms/step - loss: 0.0021 - val_loss: 0.0097
Epoch 279/500

57/57 [==============================] - 0s 6ms/step - loss: 0.0023 - val_loss: 0.0078
Epoch 280/500

57/57 [==============================] - 0s 6ms/step - loss: 0.0031 - val_loss: 0.0097
Epoch 281/500

57/57 [==============================] - 0s 6ms/step - loss: 0.0022 - val_loss: 0.0092
Epoch 282/500

57/57 [==============================] - 0s 6ms/step - loss: 0.0023 - val_loss: 0.0074
Epoch 283/500

57/57 [==============================] - 0s 6ms/step - loss: 0.0032 - val_loss: 0.0103
Epoch 284/500

57/57 [==============================] - 0s 6ms/step - loss: 0.0025 - val_loss: 0.0095
Epoch 285/500

57/57 [==============================] - 0s 6ms/step - loss: 0.0023 - val_loss: 0.0072
Epoch 286/500

57/57 [==============================] - 0s 6ms/step - loss: 0.0033 - val_loss: 0.0105
Epoch 287/500

57/57 [==============================] - 0s 6ms/step - loss: 0.0025 - val_loss: 0.0100
Epoch 288/500

57/57 [==============================] - 0s 6ms/step - loss: 0.0023 - val_loss: 0.0071
Epoch 289/500

57/57 [==============================] - 0s 6ms/step - loss: 0.0032 - val_loss: 0.0098
Epoch 290/500

57/57 [==============================] - 0s 6ms/step - loss: 0.0022 - val_loss: 0.0101
Epoch 291/500

57/57 [==============================] - 0s 6ms/step - loss: 0.0024 - val_loss: 0.0074
Epoch 292/500

57/57 [==============================] - 0s 5ms/step - loss: 0.0027 - val_loss: 0.0087
Epoch 293/500

57/57 [==============================] - 0s 6ms/step - loss: 0.0021 - val_loss: 0.0097
Epoch 294/500

57/57 [==============================] - 0s 6ms/step - loss: 0.0023 - val_loss: 0.0078
Epoch 295/500

57/57 [==============================] - 0s 6ms/step - loss: 0.0025 - val_loss: 0.0082
Epoch 296/500

57/57 [==============================] - 0s 6ms/step - loss: 0.0021 - val_loss: 0.0095
Epoch 297/500

57/57 [==============================] - 0s 6ms/step - loss: 0.0025 - val_loss: 0.0079
Epoch 298/500

57/57 [==============================] - 0s 6ms/step - loss: 0.0026 - val_loss: 0.0085
Epoch 299/500

57/57 [==============================] - 0s 6ms/step - loss: 0.0021 - val_loss: 0.0099
Epoch 300/500

57/57 [==============================] - 0s 6ms/step - loss: 0.0029 - val_loss: 0.0076
Epoch 301/500

57/57 [==============================] - 0s 6ms/step - loss: 0.0030 - val_loss: 0.0089
Epoch 302/500

57/57 [==============================] - 0s 6ms/step - loss: 0.0024 - val_loss: 0.0109
Epoch 303/500

57/57 [==============================] - 0s 6ms/step - loss: 0.0033 - val_loss: 0.0075
Epoch 304/500

57/57 [==============================] - 0s 6ms/step - loss: 0.0030 - val_loss: 0.0086
Epoch 305/500

57/57 [==============================] - 0s 6ms/step - loss: 0.0024 - val_loss: 0.0114
Epoch 306/500

57/57 [==============================] - 0s 6ms/step - loss: 0.0032 - val_loss: 0.0078
Epoch 307/500

57/57 [==============================] - 0s 6ms/step - loss: 0.0024 - val_loss: 0.0078
Epoch 308/500

57/57 [==============================] - 0s 6ms/step - loss: 0.0024 - val_loss: 0.0107
Epoch 309/500

57/57 [==============================] - 0s 6ms/step - loss: 0.0027 - val_loss: 0.0088
Epoch 310/500

57/57 [==============================] - 0s 6ms/step - loss: 0.0021 - val_loss: 0.0074
Epoch 311/500

57/57 [==============================] - 0s 6ms/step - loss: 0.0026 - val_loss: 0.0092
Epoch 312/500

57/57 [==============================] - 0s 6ms/step - loss: 0.0021 - val_loss: 0.0097
Epoch 313/500

57/57 [==============================] - 0s 6ms/step - loss: 0.0023 - val_loss: 0.0078
Epoch 314/500

57/57 [==============================] - 0s 6ms/step - loss: 0.0023 - val_loss: 0.0081
Epoch 315/500

57/57 [==============================] - 0s 6ms/step - loss: 0.0021 - val_loss: 0.0098
Epoch 316/500

57/57 [==============================] - 0s 6ms/step - loss: 0.0024 - val_loss: 0.0084
Epoch 317/500

57/57 [==============================] - 0s 6ms/step - loss: 0.0021 - val_loss: 0.0080
Epoch 318/500

57/57 [==============================] - 0s 6ms/step - loss: 0.0022 - val_loss: 0.0094
Epoch 319/500

57/57 [==============================] - 0s 6ms/step - loss: 0.0022 - val_loss: 0.0089
Epoch 320/500

57/57 [==============================] - 0s 6ms/step - loss: 0.0020 - val_loss: 0.0081
Epoch 321/500

57/57 [==============================] - 0s 6ms/step - loss: 0.0022 - val_loss: 0.0089
Epoch 322/500

57/57 [==============================] - 0s 6ms/step - loss: 0.0020 - val_loss: 0.0092
Epoch 323/500

57/57 [==============================] - 0s 6ms/step - loss: 0.0021 - val_loss: 0.0081
Epoch 324/500

57/57 [==============================] - 0s 6ms/step - loss: 0.0021 - val_loss: 0.0085
Epoch 325/500

57/57 [==============================] - 0s 6ms/step - loss: 0.0020 - val_loss: 0.0093
Epoch 326/500

57/57 [==============================] - 0s 6ms/step - loss: 0.0021 - val_loss: 0.0083
Epoch 327/500

57/57 [==============================] - 0s 6ms/step - loss: 0.0020 - val_loss: 0.0083
Epoch 328/500

57/57 [==============================] - 0s 5ms/step - loss: 0.0021 - val_loss: 0.0092
Epoch 329/500

57/57 [==============================] - 0s 6ms/step - loss: 0.0021 - val_loss: 0.0087
Epoch 330/500

57/57 [==============================] - 0s 6ms/step - loss: 0.0020 - val_loss: 0.0082
Epoch 331/500

57/57 [==============================] - 0s 6ms/step - loss: 0.0021 - val_loss: 0.0091
Epoch 332/500

57/57 [==============================] - 0s 6ms/step - loss: 0.0020 - val_loss: 0.0091
Epoch 333/500

57/57 [==============================] - 0s 5ms/step - loss: 0.0020 - val_loss: 0.0084
Epoch 334/500

57/57 [==============================] - 0s 6ms/step - loss: 0.0020 - val_loss: 0.0088
Epoch 335/500

57/57 [==============================] - 0s 6ms/step - loss: 0.0020 - val_loss: 0.0093
Epoch 336/500

57/57 [==============================] - 0s 6ms/step - loss: 0.0020 - val_loss: 0.0086
Epoch 337/500

57/57 [==============================] - 0s 6ms/step - loss: 0.0020 - val_loss: 0.0087
Epoch 338/500

57/57 [==============================] - 0s 6ms/step - loss: 0.0020 - val_loss: 0.0092
Epoch 339/500

57/57 [==============================] - 0s 6ms/step - loss: 0.0020 - val_loss: 0.0088
Epoch 340/500

57/57 [==============================] - 0s 6ms/step - loss: 0.0020 - val_loss: 0.0086
Epoch 341/500

57/57 [==============================] - 0s 6ms/step - loss: 0.0020 - val_loss: 0.0091
Epoch 342/500

57/57 [==============================] - 0s 6ms/step - loss: 0.0020 - val_loss: 0.0088
Epoch 343/500

57/57 [==============================] - 0s 6ms/step - loss: 0.0020 - val_loss: 0.0087
Epoch 344/500

57/57 [==============================] - 0s 5ms/step - loss: 0.0020 - val_loss: 0.0091
Epoch 345/500

57/57 [==============================] - 0s 6ms/step - loss: 0.0020 - val_loss: 0.0088
Epoch 346/500

57/57 [==============================] - 0s 6ms/step - loss: 0.0020 - val_loss: 0.0087
Epoch 347/500

57/57 [==============================] - 0s 6ms/step - loss: 0.0020 - val_loss: 0.0090
Epoch 348/500

57/57 [==============================] - 0s 5ms/step - loss: 0.0020 - val_loss: 0.0089
Epoch 349/500

57/57 [==============================] - 0s 5ms/step - loss: 0.0020 - val_loss: 0.0087
Epoch 350/500

57/57 [==============================] - 0s 6ms/step - loss: 0.0020 - val_loss: 0.0090
Epoch 351/500

57/57 [==============================] - 0s 6ms/step - loss: 0.0020 - val_loss: 0.0089
Epoch 352/500

57/57 [==============================] - 0s 5ms/step - loss: 0.0019 - val_loss: 0.0087
Epoch 353/500

57/57 [==============================] - 0s 6ms/step - loss: 0.0020 - val_loss: 0.0090
Epoch 354/500

57/57 [==============================] - 0s 5ms/step - loss: 0.0019 - val_loss: 0.0089
Epoch 355/500

57/57 [==============================] - 0s 5ms/step - loss: 0.0019 - val_loss: 0.0087
Epoch 356/500

57/57 [==============================] - 0s 6ms/step - loss: 0.0019 - val_loss: 0.0090
Epoch 357/500

57/57 [==============================] - 0s 6ms/step - loss: 0.0019 - val_loss: 0.0088
Epoch 358/500

57/57 [==============================] - 0s 5ms/step - loss: 0.0019 - val_loss: 0.0087
Epoch 359/500

57/57 [==============================] - 0s 5ms/step - loss: 0.0019 - val_loss: 0.0089
Epoch 360/500

57/57 [==============================] - 0s 5ms/step - loss: 0.0019 - val_loss: 0.0088
Epoch 361/500

57/57 [==============================] - 0s 6ms/step - loss: 0.0019 - val_loss: 0.0087
Epoch 362/500

57/57 [==============================] - 0s 6ms/step - loss: 0.0019 - val_loss: 0.0089
Epoch 363/500

57/57 [==============================] - 0s 6ms/step - loss: 0.0019 - val_loss: 0.0087
Epoch 364/500

57/57 [==============================] - 0s 6ms/step - loss: 0.0019 - val_loss: 0.0088
Epoch 365/500

57/57 [==============================] - 0s 6ms/step - loss: 0.0019 - val_loss: 0.0088
Epoch 366/500

57/57 [==============================] - 0s 6ms/step - loss: 0.0019 - val_loss: 0.0087
Epoch 367/500

57/57 [==============================] - 0s 6ms/step - loss: 0.0019 - val_loss: 0.0088
Epoch 368/500

57/57 [==============================] - 0s 6ms/step - loss: 0.0019 - val_loss: 0.0088
Epoch 369/500

57/57 [==============================] - 0s 6ms/step - loss: 0.0019 - val_loss: 0.0086
Epoch 370/500

57/57 [==============================] - 0s 6ms/step - loss: 0.0019 - val_loss: 0.0088
Epoch 371/500

57/57 [==============================] - 0s 6ms/step - loss: 0.0019 - val_loss: 0.0087
Epoch 372/500

57/57 [==============================] - 0s 6ms/step - loss: 0.0019 - val_loss: 0.0086
Epoch 373/500

57/57 [==============================] - 0s 6ms/step - loss: 0.0019 - val_loss: 0.0087
Epoch 374/500

57/57 [==============================] - 0s 5ms/step - loss: 0.0019 - val_loss: 0.0086
Epoch 375/500

57/57 [==============================] - 0s 6ms/step - loss: 0.0019 - val_loss: 0.0086
Epoch 376/500

57/57 [==============================] - 0s 6ms/step - loss: 0.0019 - val_loss: 0.0087
Epoch 377/500

57/57 [==============================] - 0s 5ms/step - loss: 0.0019 - val_loss: 0.0086
Epoch 378/500

57/57 [==============================] - 0s 5ms/step - loss: 0.0019 - val_loss: 0.0086
Epoch 379/500

57/57 [==============================] - 0s 6ms/step - loss: 0.0019 - val_loss: 0.0086
Epoch 380/500

57/57 [==============================] - 0s 6ms/step - loss: 0.0019 - val_loss: 0.0086
Epoch 381/500

57/57 [==============================] - 0s 6ms/step - loss: 0.0019 - val_loss: 0.0086
Epoch 382/500

57/57 [==============================] - 0s 6ms/step - loss: 0.0019 - val_loss: 0.0086
Epoch 383/500

57/57 [==============================] - 0s 5ms/step - loss: 0.0019 - val_loss: 0.0086
Epoch 384/500

57/57 [==============================] - 0s 6ms/step - loss: 0.0019 - val_loss: 0.0086
Epoch 385/500

57/57 [==============================] - 0s 6ms/step - loss: 0.0019 - val_loss: 0.0085
Epoch 386/500

57/57 [==============================] - 0s 6ms/step - loss: 0.0019 - val_loss: 0.0086
Epoch 387/500

57/57 [==============================] - 0s 6ms/step - loss: 0.0019 - val_loss: 0.0085
Epoch 388/500

57/57 [==============================] - 0s 6ms/step - loss: 0.0019 - val_loss: 0.0085
Epoch 389/500

57/57 [==============================] - 0s 6ms/step - loss: 0.0019 - val_loss: 0.0085
Epoch 390/500

57/57 [==============================] - 0s 6ms/step - loss: 0.0019 - val_loss: 0.0085
Epoch 391/500

57/57 [==============================] - 0s 6ms/step - loss: 0.0019 - val_loss: 0.0085
Epoch 392/500

57/57 [==============================] - 0s 6ms/step - loss: 0.0019 - val_loss: 0.0085
Epoch 393/500

57/57 [==============================] - 0s 6ms/step - loss: 0.0019 - val_loss: 0.0085
Epoch 394/500

57/57 [==============================] - 0s 6ms/step - loss: 0.0019 - val_loss: 0.0085
Epoch 395/500

57/57 [==============================] - 0s 6ms/step - loss: 0.0019 - val_loss: 0.0085
Epoch 396/500

57/57 [==============================] - 0s 6ms/step - loss: 0.0019 - val_loss: 0.0085
Epoch 397/500

57/57 [==============================] - 0s 5ms/step - loss: 0.0019 - val_loss: 0.0084
Epoch 398/500

57/57 [==============================] - 0s 6ms/step - loss: 0.0019 - val_loss: 0.0085
Epoch 399/500

57/57 [==============================] - 0s 6ms/step - loss: 0.0019 - val_loss: 0.0084
Epoch 400/500

57/57 [==============================] - 0s 6ms/step - loss: 0.0019 - val_loss: 0.0084
Epoch 401/500

57/57 [==============================] - 0s 6ms/step - loss: 0.0019 - val_loss: 0.0084
Epoch 402/500

57/57 [==============================] - 0s 6ms/step - loss: 0.0019 - val_loss: 0.0084
Epoch 403/500

57/57 [==============================] - 0s 6ms/step - loss: 0.0019 - val_loss: 0.0084
Epoch 404/500

57/57 [==============================] - 0s 6ms/step - loss: 0.0019 - val_loss: 0.0084
Epoch 405/500

57/57 [==============================] - 0s 6ms/step - loss: 0.0019 - val_loss: 0.0084
Epoch 406/500

57/57 [==============================] - 0s 5ms/step - loss: 0.0019 - val_loss: 0.0084
Epoch 407/500

57/57 [==============================] - 0s 5ms/step - loss: 0.0019 - val_loss: 0.0084
Epoch 408/500

57/57 [==============================] - 0s 5ms/step - loss: 0.0019 - val_loss: 0.0083
Epoch 409/500

57/57 [==============================] - 0s 5ms/step - loss: 0.0019 - val_loss: 0.0084
Epoch 410/500

57/57 [==============================] - 0s 5ms/step - loss: 0.0019 - val_loss: 0.0083
Epoch 411/500

57/57 [==============================] - 0s 6ms/step - loss: 0.0018 - val_loss: 0.0084
Epoch 412/500

57/57 [==============================] - 0s 6ms/step - loss: 0.0018 - val_loss: 0.0083
Epoch 413/500

57/57 [==============================] - 0s 5ms/step - loss: 0.0018 - val_loss: 0.0084
Epoch 414/500

57/57 [==============================] - 0s 5ms/step - loss: 0.0018 - val_loss: 0.0082
Epoch 415/500

57/57 [==============================] - 0s 6ms/step - loss: 0.0018 - val_loss: 0.0085
Epoch 416/500

57/57 [==============================] - 0s 6ms/step - loss: 0.0019 - val_loss: 0.0081
Epoch 417/500

57/57 [==============================] - 0s 6ms/step - loss: 0.0019 - val_loss: 0.0087
Epoch 418/500

57/57 [==============================] - 0s 6ms/step - loss: 0.0019 - val_loss: 0.0078
Epoch 419/500

57/57 [==============================] - 0s 6ms/step - loss: 0.0019 - val_loss: 0.0092
Epoch 420/500

57/57 [==============================] - 0s 6ms/step - loss: 0.0021 - val_loss: 0.0073
Epoch 421/500

57/57 [==============================] - 0s 6ms/step - loss: 0.0025 - val_loss: 0.0108
Epoch 422/500

57/57 [==============================] - 0s 5ms/step - loss: 0.0029 - val_loss: 0.0071
Epoch 423/500

57/57 [==============================] - 0s 6ms/step - loss: 0.0042 - val_loss: 0.0119
Epoch 424/500

57/57 [==============================] - 0s 5ms/step - loss: 0.0031 - val_loss: 0.0079
Epoch 425/500

57/57 [==============================] - 0s 6ms/step - loss: 0.0023 - val_loss: 0.0087
Epoch 426/500

57/57 [==============================] - 0s 6ms/step - loss: 0.0019 - val_loss: 0.0106
Epoch 427/500

57/57 [==============================] - 0s 6ms/step - loss: 0.0025 - val_loss: 0.0073
Epoch 428/500

57/57 [==============================] - 0s 6ms/step - loss: 0.0029 - val_loss: 0.0103
Epoch 429/500

57/57 [==============================] - 0s 6ms/step - loss: 0.0023 - val_loss: 0.0085
Epoch 430/500

57/57 [==============================] - 0s 6ms/step - loss: 0.0020 - val_loss: 0.0074
Epoch 431/500

57/57 [==============================] - 0s 5ms/step - loss: 0.0021 - val_loss: 0.0095
Epoch 432/500

57/57 [==============================] - 0s 6ms/step - loss: 0.0024 - val_loss: 0.0073
Epoch 433/500

57/57 [==============================] - 0s 6ms/step - loss: 0.0025 - val_loss: 0.0081
Epoch 434/500

57/57 [==============================] - 0s 6ms/step - loss: 0.0019 - val_loss: 0.0086
Epoch 435/500

57/57 [==============================] - 0s 6ms/step - loss: 0.0020 - val_loss: 0.0074
Epoch 436/500

57/57 [==============================] - 0s 6ms/step - loss: 0.0024 - val_loss: 0.0089
Epoch 437/500

57/57 [==============================] - 0s 6ms/step - loss: 0.0020 - val_loss: 0.0079
Epoch 438/500

57/57 [==============================] - 0s 6ms/step - loss: 0.0019 - val_loss: 0.0078
Epoch 439/500

57/57 [==============================] - 0s 6ms/step - loss: 0.0020 - val_loss: 0.0089
Epoch 440/500

57/57 [==============================] - 0s 6ms/step - loss: 0.0020 - val_loss: 0.0075
Epoch 441/500

57/57 [==============================] - 0s 5ms/step - loss: 0.0020 - val_loss: 0.0082
Epoch 442/500

57/57 [==============================] - 0s 6ms/step - loss: 0.0019 - val_loss: 0.0085
Epoch 443/500

57/57 [==============================] - 0s 6ms/step - loss: 0.0019 - val_loss: 0.0074
Epoch 444/500

57/57 [==============================] - 0s 5ms/step - loss: 0.0020 - val_loss: 0.0084
Epoch 445/500

57/57 [==============================] - 0s 6ms/step - loss: 0.0019 - val_loss: 0.0082
Epoch 446/500

57/57 [==============================] - 0s 5ms/step - loss: 0.0019 - val_loss: 0.0077
Epoch 447/500

57/57 [==============================] - 0s 6ms/step - loss: 0.0019 - val_loss: 0.0088
Epoch 448/500

57/57 [==============================] - 0s 5ms/step - loss: 0.0019 - val_loss: 0.0081
Epoch 449/500

57/57 [==============================] - 0s 6ms/step - loss: 0.0019 - val_loss: 0.0080
Epoch 450/500

57/57 [==============================] - 0s 6ms/step - loss: 0.0019 - val_loss: 0.0086
Epoch 451/500

57/57 [==============================] - 0s 6ms/step - loss: 0.0019 - val_loss: 0.0079
Epoch 452/500

57/57 [==============================] - 0s 5ms/step - loss: 0.0019 - val_loss: 0.0083
Epoch 453/500

57/57 [==============================] - 0s 6ms/step - loss: 0.0019 - val_loss: 0.0082
Epoch 454/500

57/57 [==============================] - 0s 6ms/step - loss: 0.0018 - val_loss: 0.0078
Epoch 455/500

57/57 [==============================] - 0s 6ms/step - loss: 0.0019 - val_loss: 0.0083
Epoch 456/500

57/57 [==============================] - 0s 6ms/step - loss: 0.0019 - val_loss: 0.0080
Epoch 457/500

57/57 [==============================] - 0s 6ms/step - loss: 0.0019 - val_loss: 0.0083
Epoch 458/500

57/57 [==============================] - 0s 6ms/step - loss: 0.0018 - val_loss: 0.0084
Epoch 459/500

57/57 [==============================] - 0s 5ms/step - loss: 0.0018 - val_loss: 0.0082
Epoch 460/500

57/57 [==============================] - 0s 6ms/step - loss: 0.0019 - val_loss: 0.0086
Epoch 461/500

57/57 [==============================] - 0s 6ms/step - loss: 0.0018 - val_loss: 0.0082
Epoch 462/500

57/57 [==============================] - 0s 6ms/step - loss: 0.0018 - val_loss: 0.0084
Epoch 463/500

57/57 [==============================] - 0s 6ms/step - loss: 0.0018 - val_loss: 0.0084
Epoch 464/500

57/57 [==============================] - 0s 6ms/step - loss: 0.0018 - val_loss: 0.0080
Epoch 465/500

57/57 [==============================] - 0s 6ms/step - loss: 0.0018 - val_loss: 0.0085
Epoch 466/500

57/57 [==============================] - 0s 5ms/step - loss: 0.0018 - val_loss: 0.0080
Epoch 467/500

57/57 [==============================] - 0s 6ms/step - loss: 0.0018 - val_loss: 0.0083
Epoch 468/500

57/57 [==============================] - 0s 6ms/step - loss: 0.0018 - val_loss: 0.0083
Epoch 469/500

57/57 [==============================] - 0s 6ms/step - loss: 0.0018 - val_loss: 0.0081
Epoch 470/500

57/57 [==============================] - 0s 6ms/step - loss: 0.0018 - val_loss: 0.0085
Epoch 471/500

57/57 [==============================] - 0s 6ms/step - loss: 0.0018 - val_loss: 0.0081
Epoch 472/500

57/57 [==============================] - 0s 6ms/step - loss: 0.0018 - val_loss: 0.0084
Epoch 473/500

57/57 [==============================] - 0s 6ms/step - loss: 0.0018 - val_loss: 0.0081
Epoch 474/500

57/57 [==============================] - 0s 5ms/step - loss: 0.0018 - val_loss: 0.0082
Epoch 475/500

57/57 [==============================] - 0s 6ms/step - loss: 0.0018 - val_loss: 0.0082
Epoch 476/500

57/57 [==============================] - 0s 6ms/step - loss: 0.0018 - val_loss: 0.0081
Epoch 477/500

57/57 [==============================] - 0s 6ms/step - loss: 0.0018 - val_loss: 0.0082
Epoch 478/500

57/57 [==============================] - 0s 6ms/step - loss: 0.0018 - val_loss: 0.0081
Epoch 479/500

57/57 [==============================] - 0s 5ms/step - loss: 0.0018 - val_loss: 0.0083
Epoch 480/500

57/57 [==============================] - 0s 6ms/step - loss: 0.0018 - val_loss: 0.0080
Epoch 481/500

57/57 [==============================] - 0s 5ms/step - loss: 0.0018 - val_loss: 0.0083
Epoch 482/500

57/57 [==============================] - 0s 6ms/step - loss: 0.0018 - val_loss: 0.0079
Epoch 483/500

57/57 [==============================] - 0s 6ms/step - loss: 0.0018 - val_loss: 0.0083
Epoch 484/500

57/57 [==============================] - 0s 6ms/step - loss: 0.0018 - val_loss: 0.0078
Epoch 485/500

57/57 [==============================] - 0s 6ms/step - loss: 0.0018 - val_loss: 0.0085
Epoch 486/500

57/57 [==============================] - 0s 6ms/step - loss: 0.0019 - val_loss: 0.0077
Epoch 487/500

57/57 [==============================] - 0s 6ms/step - loss: 0.0019 - val_loss: 0.0087
Epoch 488/500

57/57 [==============================] - 0s 6ms/step - loss: 0.0019 - val_loss: 0.0075
Epoch 489/500

57/57 [==============================] - 0s 5ms/step - loss: 0.0021 - val_loss: 0.0091
Epoch 490/500

57/57 [==============================] - 0s 6ms/step - loss: 0.0022 - val_loss: 0.0073
Epoch 491/500

57/57 [==============================] - 0s 5ms/step - loss: 0.0025 - val_loss: 0.0096
Epoch 492/500

57/57 [==============================] - 0s 6ms/step - loss: 0.0023 - val_loss: 0.0073
Epoch 493/500

57/57 [==============================] - 0s 6ms/step - loss: 0.0023 - val_loss: 0.0094
Epoch 494/500

57/57 [==============================] - 0s 6ms/step - loss: 0.0021 - val_loss: 0.0077
Epoch 495/500

57/57 [==============================] - 0s 6ms/step - loss: 0.0020 - val_loss: 0.0087
Epoch 496/500

57/57 [==============================] - 0s 6ms/step - loss: 0.0019 - val_loss: 0.0082
Epoch 497/500

57/57 [==============================] - 0s 6ms/step - loss: 0.0019 - val_loss: 0.0078
Epoch 498/500

57/57 [==============================] - 0s 6ms/step - loss: 0.0020 - val_loss: 0.0084
Epoch 499/500

57/57 [==============================] - 0s 5ms/step - loss: 0.0020 - val_loss: 0.0072
Epoch 500/500

57/57 [==============================] - 0s 6ms/step - loss: 0.0020 - val_loss: 0.0085
Using TensorFlow backend.
Model Training Complete
